<?xml version="1.0" encoding="UTF-8"?>
<!-- Generated by org.testng.reporters.JUnitReportReporter -->
<testsuite hostname="DESKTOP-SQ9QR7F" failures="0" tests="3" name="api.test.UserTests" time="9.080" errors="0" timestamp="2023-06-27T14:28:40 IST" skipped="0">
  <testcase classname="api.test.UserTests" name="testpostuser" time="4.149"/>
  <testcase classname="api.test.UserTests" name="testgetuser" time="1.378"/>
  <testcase classname="api.test.UserTests" name="testupdateuser" time="3.553"/>
</testsuite> <!-- api.test.UserTests -->
